app/build/intermediates/manifest_merge_blame_file/release/manifest-merger-blame-release-report.txt
1<?xml version="1.0" encoding="utf-8"?>
2<manifest xmlns:android="http://schemas.android.com/apk/res/android"
3    package="com.example.cardio_diagnostics"
4    android:versionCode="1"
5    android:versionName="1.0" >
6
7    <uses-sdk
8        android:minSdkVersion="21"
8-->src\main\AndroidManifest.xml
9        android:targetSdkVersion="31" />
9-->src\main\AndroidManifest.xml
10
11    <uses-permission android:name="android.permission.INTERNET" />
11-->src\main\AndroidManifest.xml:6:5-66
11-->src\main\AndroidManifest.xml:6:22-64
12    <uses-permission android:name="android.permission.READ_EXTERNAL_STORAGE" />
12-->src\main\AndroidManifest.xml:7:5-79
12-->src\main\AndroidManifest.xml:7:22-77
13    <uses-permission android:name="android.permission.ACCESS_NETWORK_STATE" />
13-->src\main\AndroidManifest.xml:8:5-78
13-->src\main\AndroidManifest.xml:8:22-76
14
15    <!-- Permission will be merged into the manifest of the hosting app. -->
16    <!-- Is required to launch foreground extraction service for targetSdkVersion 28+. -->
17    <uses-permission android:name="android.permission.FOREGROUND_SERVICE" />
17-->[com.google.android.play:core:1.9.1] AndroidManifest.xml:8:3-74
17-->[com.google.android.play:core:1.9.1] AndroidManifest.xml:8:20-72
18
19    <application
19-->src\main\AndroidManifest.xml:10:5-35:19
20        android:name="com.example.cardio_diagnostics.App"
20-->src\main\AndroidManifest.xml:11:9-58
21        android:allowBackup="true"
21-->src\main\AndroidManifest.xml:12:9-35
22        android:appComponentFactory="androidx.core.app.CoreComponentFactory"
22-->[androidx.core:core:1.5.0] AndroidManifest.xml:24:18-86
23        android:icon="@mipmap/ic_launcher"
23-->src\main\AndroidManifest.xml:13:9-43
24        android:label="@string/app_name"
24-->src\main\AndroidManifest.xml:14:9-41
25        android:roundIcon="@mipmap/ic_launcher_round"
25-->src\main\AndroidManifest.xml:16:9-54
26        android:supportsRtl="true"
26-->src\main\AndroidManifest.xml:17:9-35
27        android:theme="@style/AppTheme"
27-->src\main\AndroidManifest.xml:18:9-40
28        android:usesCleartextTraffic="true" >
28-->src\main\AndroidManifest.xml:15:9-44
29        <activity
29-->src\main\AndroidManifest.xml:19:9-30:20
30            android:name="com.example.cardio_diagnostics.ui.activities.SplashScreenActivity"
30-->src\main\AndroidManifest.xml:20:13-93
31            android:exported="true"
31-->src\main\AndroidManifest.xml:24:13-36
32            android:launchMode="singleTop"
32-->src\main\AndroidManifest.xml:21:13-43
33            android:screenOrientation="nosensor"
33-->src\main\AndroidManifest.xml:23:13-49
34            android:theme="@style/LauncherActivityTheme"
34-->src\main\AndroidManifest.xml:22:13-57
35            android:windowSoftInputMode="adjustPan|stateHidden" >
35-->src\main\AndroidManifest.xml:25:13-64
36            <intent-filter>
36-->src\main\AndroidManifest.xml:26:13-29:29
37                <action android:name="android.intent.action.MAIN" />
37-->src\main\AndroidManifest.xml:27:17-69
37-->src\main\AndroidManifest.xml:27:25-66
38
39                <category android:name="android.intent.category.LAUNCHER" />
39-->src\main\AndroidManifest.xml:28:17-77
39-->src\main\AndroidManifest.xml:28:27-74
40            </intent-filter>
41        </activity>
42        <activity
42-->src\main\AndroidManifest.xml:31:9-32:38
43            android:name="com.example.cardio_diagnostics.ui.activities.MainActivity"
43-->src\main\AndroidManifest.xml:31:19-91
44            android:exported="true" />
44-->src\main\AndroidManifest.xml:32:13-36
45        <activity
45-->src\main\AndroidManifest.xml:33:9-34:34
46            android:name="com.example.cardio_diagnostics.ui.activities.VideoPDFActivity"
46-->src\main\AndroidManifest.xml:33:19-95
47            android:exported="true" />
47-->src\main\AndroidManifest.xml:34:9-32
48
49        <provider
49-->[androidx.profileinstaller:profileinstaller:1.0.1] AndroidManifest.xml:26:9-34:20
50            android:name="androidx.startup.InitializationProvider"
50-->[androidx.profileinstaller:profileinstaller:1.0.1] AndroidManifest.xml:27:13-67
51            android:authorities="com.example.cardio_diagnostics.androidx-startup"
51-->[androidx.profileinstaller:profileinstaller:1.0.1] AndroidManifest.xml:28:13-68
52            android:exported="false" >
52-->[androidx.profileinstaller:profileinstaller:1.0.1] AndroidManifest.xml:29:13-37
53            <meta-data
53-->[androidx.profileinstaller:profileinstaller:1.0.1] AndroidManifest.xml:31:13-33:52
54                android:name="androidx.profileinstaller.ProfileInstallerInitializer"
54-->[androidx.profileinstaller:profileinstaller:1.0.1] AndroidManifest.xml:32:17-85
55                android:value="androidx.startup" />
55-->[androidx.profileinstaller:profileinstaller:1.0.1] AndroidManifest.xml:33:17-49
56        </provider>
57
58        <receiver
58-->[androidx.profileinstaller:profileinstaller:1.0.1] AndroidManifest.xml:36:9-45:20
59            android:name="androidx.profileinstaller.ProfileInstallReceiver"
59-->[androidx.profileinstaller:profileinstaller:1.0.1] AndroidManifest.xml:37:13-76
60            android:directBootAware="false"
60-->[androidx.profileinstaller:profileinstaller:1.0.1] AndroidManifest.xml:38:13-44
61            android:enabled="true"
61-->[androidx.profileinstaller:profileinstaller:1.0.1] AndroidManifest.xml:39:13-35
62            android:exported="true"
62-->[androidx.profileinstaller:profileinstaller:1.0.1] AndroidManifest.xml:40:13-36
63            android:permission="android.permission.DUMP" >
63-->[androidx.profileinstaller:profileinstaller:1.0.1] AndroidManifest.xml:41:13-57
64            <intent-filter>
64-->[androidx.profileinstaller:profileinstaller:1.0.1] AndroidManifest.xml:42:13-44:29
65                <action android:name="androidx.profileinstaller.action.INSTALL_PROFILE" />
65-->[androidx.profileinstaller:profileinstaller:1.0.1] AndroidManifest.xml:43:17-91
65-->[androidx.profileinstaller:profileinstaller:1.0.1] AndroidManifest.xml:43:25-88
66            </intent-filter>
67        </receiver>
68
69        <provider
69-->[com.squareup.picasso:picasso:2.71828] AndroidManifest.xml:8:9-11:40
70            android:name="com.squareup.picasso.PicassoProvider"
70-->[com.squareup.picasso:picasso:2.71828] AndroidManifest.xml:9:13-64
71            android:authorities="com.example.cardio_diagnostics.com.squareup.picasso"
71-->[com.squareup.picasso:picasso:2.71828] AndroidManifest.xml:10:13-72
72            android:exported="false" />
72-->[com.squareup.picasso:picasso:2.71828] AndroidManifest.xml:11:13-37
73        <provider
73-->[androidx.lifecycle:lifecycle-process:2.2.0] AndroidManifest.xml:25:9-29:43
74            android:name="androidx.lifecycle.ProcessLifecycleOwnerInitializer"
74-->[androidx.lifecycle:lifecycle-process:2.2.0] AndroidManifest.xml:26:13-79
75            android:authorities="com.example.cardio_diagnostics.lifecycle-process"
75-->[androidx.lifecycle:lifecycle-process:2.2.0] AndroidManifest.xml:27:13-69
76            android:exported="false"
76-->[androidx.lifecycle:lifecycle-process:2.2.0] AndroidManifest.xml:28:13-37
77            android:multiprocess="true" /> <!-- The activities will be merged into the manifest of the hosting app. -->
77-->[androidx.lifecycle:lifecycle-process:2.2.0] AndroidManifest.xml:29:13-40
78        <activity
78-->[com.google.android.play:core:1.9.1] AndroidManifest.xml:12:5-271
79            android:name="com.google.android.play.core.missingsplits.PlayCoreMissingSplitsActivity"
79-->[com.google.android.play:core:1.9.1] AndroidManifest.xml:12:15-102
80            android:enabled="false"
80-->[com.google.android.play:core:1.9.1] AndroidManifest.xml:12:103-126
81            android:exported="false"
81-->[com.google.android.play:core:1.9.1] AndroidManifest.xml:12:127-151
82            android:launchMode="singleInstance"
82-->[com.google.android.play:core:1.9.1] AndroidManifest.xml:12:204-239
83            android:process=":playcore_missing_splits_activity"
83-->[com.google.android.play:core:1.9.1] AndroidManifest.xml:12:152-203
84            android:stateNotNeeded="true" />
84-->[com.google.android.play:core:1.9.1] AndroidManifest.xml:12:240-269
85        <activity
85-->[com.google.android.play:core:1.9.1] AndroidManifest.xml:13:5-226
86            android:name="com.google.android.play.core.common.PlayCoreDialogWrapperActivity"
86-->[com.google.android.play:core:1.9.1] AndroidManifest.xml:13:15-95
87            android:enabled="false"
87-->[com.google.android.play:core:1.9.1] AndroidManifest.xml:13:96-119
88            android:exported="false"
88-->[com.google.android.play:core:1.9.1] AndroidManifest.xml:13:120-144
89            android:stateNotNeeded="true"
89-->[com.google.android.play:core:1.9.1] AndroidManifest.xml:13:145-174
90            android:theme="@style/Theme.PlayCore.Transparent" /> <!-- The services will be merged into the manifest of the hosting app. -->
90-->[com.google.android.play:core:1.9.1] AndroidManifest.xml:13:175-224
91        <service
91-->[com.google.android.play:core:1.9.1] AndroidManifest.xml:16:5-18:15
92            android:name="com.google.android.play.core.assetpacks.AssetPackExtractionService"
92-->[com.google.android.play:core:1.9.1] AndroidManifest.xml:16:14-95
93            android:enabled="false"
93-->[com.google.android.play:core:1.9.1] AndroidManifest.xml:16:96-119
94            android:exported="true" >
94-->[com.google.android.play:core:1.9.1] AndroidManifest.xml:16:120-143
95            <meta-data
95-->[com.google.android.play:core:1.9.1] AndroidManifest.xml:17:7-108
96                android:name="com.google.android.play.core.assetpacks.versionCode"
96-->[com.google.android.play:core:1.9.1] AndroidManifest.xml:17:18-84
97                android:value="10901" />
97-->[com.google.android.play:core:1.9.1] AndroidManifest.xml:17:85-106
98        </service>
99        <service
99-->[com.google.android.play:core:1.9.1] AndroidManifest.xml:19:5-147
100            android:name="com.google.android.play.core.assetpacks.ExtractionForegroundService"
100-->[com.google.android.play:core:1.9.1] AndroidManifest.xml:19:14-96
101            android:enabled="false"
101-->[com.google.android.play:core:1.9.1] AndroidManifest.xml:19:97-120
102            android:exported="false" />
102-->[com.google.android.play:core:1.9.1] AndroidManifest.xml:19:121-145
103    </application>
104
105</manifest>